<?xml version="1.0" encoding="UTF-8"?>
<testng-results ignored="0" total="1" passed="0" failed="1" skipped="0">
  <reporter-output>
  </reporter-output>
  <suite started-at="2023-02-06T22:14:06 CET" name="Default suite" finished-at="2023-02-06T22:14:43 CET" duration-ms="36989">
    <groups>
    </groups>
    <test started-at="2023-02-06T22:14:06 CET" name="Default test" finished-at="2023-02-06T22:14:43 CET" duration-ms="36989">
      <class name="com.vueling.interview.TicketSelectionTest">
        <test-method is-config="true" signature="initTestSuite()[pri:0, instance:com.vueling.interview.TicketSelectionTest@1018bde2]" started-at="2023-02-06T22:13:59 CET" name="initTestSuite" finished-at="2023-02-06T22:14:06 CET" duration-ms="7149" status="PASS">
          <reporter-output>
          </reporter-output>
        </test-method> <!-- initTestSuite -->
        <test-method is-config="true" signature="initPageObjects()[pri:0, instance:com.vueling.interview.TicketSelectionTest@1018bde2]" started-at="2023-02-06T22:14:06 CET" name="initPageObjects" finished-at="2023-02-06T22:14:07 CET" duration-ms="606" status="PASS">
          <reporter-output>
          </reporter-output>
        </test-method> <!-- initPageObjects -->
        <test-method signature="testHomePageHasAHeader(java.lang.String)[pri:0, instance:com.vueling.interview.TicketSelectionTest@1018bde2]" started-at="2023-02-06T22:14:07 CET" name="testHomePageHasAHeader" data-provider="data-provider" finished-at="2023-02-06T22:14:43 CET" duration-ms="36319" status="FAIL">
          <params>
            <param index="0">
              <value>
                <![CDATA[Optima]]>
              </value>
            </param>
          </params>
          <exception class="java.lang.AssertionError">
            <message>
              <![CDATA[Page is not open expected [https://tickets.vueling.com/] but found [https://tickets.vueling.com/ScheduleSelectNew.aspx]]]>
            </message>
            <full-stacktrace>
              <![CDATA[java.lang.AssertionError: Page is not open expected [https://tickets.vueling.com/] but found [https://tickets.vueling.com/ScheduleSelectNew.aspx]
at org.testng.Assert.fail(Assert.java:97)
at org.testng.Assert.assertEqualsImpl(Assert.java:136)
at org.testng.Assert.assertEquals(Assert.java:118)
at org.testng.Assert.assertEquals(Assert.java:575)
at com.vueling.interview.pages.FlightsPage.isPageOpen(FlightsPage.java:33)
at com.vueling.interview.TicketSelectionTest.testHomePageHasAHeader(TicketSelectionTest.java:31)
at java.base/jdk.internal.reflect.NativeMethodAccessorImpl.invoke0(Native Method)
at java.base/jdk.internal.reflect.NativeMethodAccessorImpl.invoke(NativeMethodAccessorImpl.java:77)
at java.base/jdk.internal.reflect.DelegatingMethodAccessorImpl.invoke(DelegatingMethodAccessorImpl.java:43)
at java.base/java.lang.reflect.Method.invoke(Method.java:568)
at org.testng.internal.MethodInvocationHelper.invokeMethod(MethodInvocationHelper.java:134)
at org.testng.internal.TestInvoker.invokeMethod(TestInvoker.java:597)
at org.testng.internal.TestInvoker.invokeTestMethod(TestInvoker.java:173)
at org.testng.internal.MethodRunner.runInSequence(MethodRunner.java:46)
at org.testng.internal.TestInvoker$MethodInvocationAgent.invoke(TestInvoker.java:816)
at org.testng.internal.TestInvoker.invokeTestMethods(TestInvoker.java:146)
at org.testng.internal.TestMethodWorker.invokeTestMethods(TestMethodWorker.java:146)
at org.testng.internal.TestMethodWorker.run(TestMethodWorker.java:128)
at java.base/java.util.ArrayList.forEach(ArrayList.java:1511)
at org.testng.TestRunner.privateRun(TestRunner.java:766)
at org.testng.TestRunner.run(TestRunner.java:587)
at org.testng.SuiteRunner.runTest(SuiteRunner.java:384)
at org.testng.SuiteRunner.runSequentially(SuiteRunner.java:378)
at org.testng.SuiteRunner.privateRun(SuiteRunner.java:337)
at org.testng.SuiteRunner.run(SuiteRunner.java:286)
at org.testng.SuiteRunnerWorker.runSuite(SuiteRunnerWorker.java:53)
at org.testng.SuiteRunnerWorker.run(SuiteRunnerWorker.java:96)
at org.testng.TestNG.runSuitesSequentially(TestNG.java:1187)
at org.testng.TestNG.runSuitesLocally(TestNG.java:1109)
at org.testng.TestNG.runSuites(TestNG.java:1039)
at org.testng.TestNG.run(TestNG.java:1007)
at org.testng.remote.AbstractRemoteTestNG.run(AbstractRemoteTestNG.java:115)
at org.testng.remote.RemoteTestNG.initAndRun(RemoteTestNG.java:251)
at org.testng.remote.RemoteTestNG.main(RemoteTestNG.java:77)
]]>
            </full-stacktrace>
          </exception> <!-- java.lang.AssertionError -->
          <reporter-output>
          </reporter-output>
        </test-method> <!-- testHomePageHasAHeader -->
        <test-method is-config="true" signature="tearDown()[pri:0, instance:com.vueling.interview.TicketSelectionTest@1018bde2]" started-at="2023-02-06T22:14:43 CET" name="tearDown" finished-at="2023-02-06T22:14:43 CET" duration-ms="101" status="PASS">
          <reporter-output>
          </reporter-output>
        </test-method> <!-- tearDown -->
      </class> <!-- com.vueling.interview.TicketSelectionTest -->
    </test> <!-- Default test -->
  </suite> <!-- Default suite -->
</testng-results>
